<?xml version="1.0" encoding="UTF-8"?>
<!-- Generated by org.testng.reporters.JUnitReportReporter -->
<testsuite hostname="Lenovo-PC" name="TestCases.AddProductToShoppingCart" tests="1" failures="0" timestamp="22 Jun 2015 12:18:41 GMT" time="37.456" errors="0">
  <testcase name="homePage" time="37.456" classname="TestCases.AddProductToShoppingCart"/>
</testsuite> <!-- TestCases.AddProductToShoppingCart -->
